# JRE version: Java(TM) SE Runtime Environment (8.0_111-b14) (build 1.8.0_111-b14)
# Java VM: Java HotSpot(TM) 64-Bit Server VM (25.111-b14 mixed mode windows-amd64 compressed oops)
Heap:
 PSYoungGen      total 140800K, used 34218K [0x00000000eab00000, 0x00000000f4d00000, 0x0000000100000000)
  eden space 129536K, 18% used [0x00000000eab00000,0x00000000ec24e550,0x00000000f2980000)
  from space 11264K, 91% used [0x00000000f3580000,0x00000000f3f9c538,0x00000000f4080000)
  to   space 12288K, 0% used [0x00000000f2980000,0x00000000f2980000,0x00000000f3580000)
 ParOldGen       total 95232K, used 14963K [0x00000000c0000000, 0x00000000c5d00000, 0x00000000eab00000)
  object space 95232K, 15% used [0x00000000c0000000,0x00000000c0e9cee0,0x00000000c5d00000)
 Metaspace       used 39941K, capacity 40718K, committed 41000K, reserved 1085440K
  class space    used 5569K, capacity 5837K, committed 5936K, reserved 1048576K
GC Heap History (10 events):
Event: 5.364 GC heap before
{Heap before GC invocations=6 (full 1):
 PSYoungGen      total 71680K, used 66560K [0x00000000eab00000, 0x00000000ef600000, 0x0000000100000000)
  eden space 66560K, 100% used [0x00000000eab00000,0x00000000eec00000,0x00000000eec00000)
  from space 5120K, 0% used [0x00000000ef100000,0x00000000ef100000,0x00000000ef600000)
  to   space 5120K, 0% used [0x00000000eec00000,0x00000000eec00000,0x00000000ef100000)
 ParOldGen       total 66048K, used 9235K [0x00000000c0000000, 0x00000000c4080000, 0x00000000eab00000)
  object space 66048K, 13% used [0x00000000c0000000,0x00000000c0904c58,0x00000000c4080000)
 Metaspace       used 26401K, capacity 26714K, committed 26928K, reserved 1073152K
  class space    used 3708K, capacity 3828K, committed 3888K, reserved 1048576K
Event: 5.383 GC heap after
Heap after GC invocations=6 (full 1):
 PSYoungGen      total 71680K, used 5111K [0x00000000eab00000, 0x00000000f1c80000, 0x0000000100000000)
  eden space 66560K, 0% used [0x00000000eab00000,0x00000000eab00000,0x00000000eec00000)
  from space 5120K, 99% used [0x00000000eec00000,0x00000000ef0fde98,0x00000000ef100000)
  to   space 10240K, 0% used [0x00000000f1280000,0x00000000f1280000,0x00000000f1c80000)
 ParOldGen       total 66048K, used 10810K [0x00000000c0000000, 0x00000000c4080000, 0x00000000eab00000)
  object space 66048K, 16% used [0x00000000c0000000,0x00000000c0a8ea28,0x00000000c4080000)
 Metaspace       used 26401K, capacity 26714K, committed 26928K, reserved 1073152K
  class space    used 3708K, capacity 3828K, committed 3888K, reserved 1048576K
}
Event: 10.452 GC heap before
{Heap before GC invocations=7 (full 1):
 PSYoungGen      total 71680K, used 71671K [0x00000000eab00000, 0x00000000f1c80000, 0x0000000100000000)
  eden space 66560K, 100% used [0x00000000eab00000,0x00000000eec00000,0x00000000eec00000)
  from space 5120K, 99% used [0x00000000eec00000,0x00000000ef0fde98,0x00000000ef100000)
  to   space 10240K, 0% used [0x00000000f1280000,0x00000000f1280000,0x00000000f1c80000)
 ParOldGen       total 66048K, used 10810K [0x00000000c0000000, 0x00000000c4080000, 0x00000000eab00000)
  object space 66048K, 16% used [0x00000000c0000000,0x00000000c0a8ea28,0x00000000c4080000)
 Metaspace       used 32141K, capacity 32706K, committed 32944K, reserved 1077248K
  class space    used 4540K, capacity 4765K, committed 4784K, reserved 1048576K
Event: 10.467 GC heap after
Heap after GC invocations=7 (full 1):
 PSYoungGen      total 101888K, used 9904K [0x00000000eab00000, 0x00000000f1c80000, 0x0000000100000000)
  eden space 91648K, 0% used [0x00000000eab00000,0x00000000eab00000,0x00000000f0480000)
  from space 10240K, 96% used [0x00000000f1280000,0x00000000f1c2c160,0x00000000f1c80000)
  to   space 11264K, 0% used [0x00000000f0680000,0x00000000f0680000,0x00000000f1180000)
 ParOldGen       total 66048K, used 10818K [0x00000000c0000000, 0x00000000c4080000, 0x00000000eab00000)
  object space 66048K, 16% used [0x00000000c0000000,0x00000000c0a90a28,0x00000000c4080000)
 Metaspace       used 32141K, capacity 32706K, committed 32944K, reserved 1077248K
  class space    used 4540K, capacity 4765K, committed 4784K, reserved 1048576K
}
Event: 10.764 GC heap before
{Heap before GC invocations=8 (full 1):
 PSYoungGen      total 101888K, used 30265K [0x00000000eab00000, 0x00000000f1c80000, 0x0000000100000000)
  eden space 91648K, 22% used [0x00000000eab00000,0x00000000ebee25e0,0x00000000f0480000)
  from space 10240K, 96% used [0x00000000f1280000,0x00000000f1c2c160,0x00000000f1c80000)
  to   space 11264K, 0% used [0x00000000f0680000,0x00000000f0680000,0x00000000f1180000)
 ParOldGen       total 66048K, used 10818K [0x00000000c0000000, 0x00000000c4080000, 0x00000000eab00000)
  object space 66048K, 16% used [0x00000000c0000000,0x00000000c0a90a28,0x00000000c4080000)
 Metaspace       used 34625K, capacity 35234K, committed 35496K, reserved 1079296K
  class space    used 4843K, capacity 5033K, committed 5040K, reserved 1048576K
Event: 10.773 GC heap after
Heap after GC invocations=8 (full 1):
 PSYoungGen      total 104960K, used 8431K [0x00000000eab00000, 0x00000000f4080000, 0x0000000100000000)
  eden space 93696K, 0% used [0x00000000eab00000,0x00000000eab00000,0x00000000f0680000)
  from space 11264K, 74% used [0x00000000f0680000,0x00000000f0ebbf18,0x00000000f1180000)
  to   space 11264K, 0% used [0x00000000f3580000,0x00000000f3580000,0x00000000f4080000)
 ParOldGen       total 66048K, used 10826K [0x00000000c0000000, 0x00000000c4080000, 0x00000000eab00000)
  object space 66048K, 16% used [0x00000000c0000000,0x00000000c0a92a28,0x00000000c4080000)
 Metaspace       used 34625K, capacity 35234K, committed 35496K, reserved 1079296K
  class space    used 4843K, capacity 5033K, committed 5040K, reserved 1048576K
}
Event: 10.773 GC heap before
{Heap before GC invocations=9 (full 2):
 PSYoungGen      total 104960K, used 8431K [0x00000000eab00000, 0x00000000f4080000, 0x0000000100000000)
  eden space 93696K, 0% used [0x00000000eab00000,0x00000000eab00000,0x00000000f0680000)
  from space 11264K, 74% used [0x00000000f0680000,0x00000000f0ebbf18,0x00000000f1180000)
  to   space 11264K, 0% used [0x00000000f3580000,0x00000000f3580000,0x00000000f4080000)
 ParOldGen       total 66048K, used 10826K [0x00000000c0000000, 0x00000000c4080000, 0x00000000eab00000)
  object space 66048K, 16% used [0x00000000c0000000,0x00000000c0a92a28,0x00000000c4080000)
 Metaspace       used 34625K, capacity 35234K, committed 35496K, reserved 1079296K
  class space    used 4843K, capacity 5033K, committed 5040K, reserved 1048576K
Event: 10.827 GC heap after
Heap after GC invocations=9 (full 2):
 PSYoungGen      total 104960K, used 0K [0x00000000eab00000, 0x00000000f4080000, 0x0000000100000000)
  eden space 93696K, 0% used [0x00000000eab00000,0x00000000eab00000,0x00000000f0680000)
  from space 11264K, 0% used [0x00000000f0680000,0x00000000f0680000,0x00000000f1180000)
  to   space 11264K, 0% used [0x00000000f3580000,0x00000000f3580000,0x00000000f4080000)
 ParOldGen       total 95232K, used 14955K [0x00000000c0000000, 0x00000000c5d00000, 0x00000000eab00000)
  object space 95232K, 15% used [0x00000000c0000000,0x00000000c0e9aee0,0x00000000c5d00000)
 Metaspace       used 34625K, capacity 35234K, committed 35496K, reserved 1079296K
  class space    used 4843K, capacity 5033K, committed 5040K, reserved 1048576K
}
Event: 12.182 GC heap before
{Heap before GC invocations=10 (full 2):
 PSYoungGen      total 104960K, used 93696K [0x00000000eab00000, 0x00000000f4080000, 0x0000000100000000)
  eden space 93696K, 100% used [0x00000000eab00000,0x00000000f0680000,0x00000000f0680000)
  from space 11264K, 0% used [0x00000000f0680000,0x00000000f0680000,0x00000000f1180000)
  to   space 11264K, 0% used [0x00000000f3580000,0x00000000f3580000,0x00000000f4080000)
 ParOldGen       total 95232K, used 14955K [0x00000000c0000000, 0x00000000c5d00000, 0x00000000eab00000)
  object space 95232K, 15% used [0x00000000c0000000,0x00000000c0e9aee0,0x00000000c5d00000)
 Metaspace       used 39065K, capacity 39750K, committed 39976K, reserved 1083392K
  class space    used 5414K, capacity 5668K, committed 5680K, reserved 1048576K
Event: 12.199 GC heap after
Heap after GC invocations=10 (full 2):
 PSYoungGen      total 140800K, used 10353K [0x00000000eab00000, 0x00000000f4d00000, 0x0000000100000000)
  eden space 129536K, 0% used [0x00000000eab00000,0x00000000eab00000,0x00000000f2980000)
  from space 11264K, 91% used [0x00000000f3580000,0x00000000f3f9c538,0x00000000f4080000)
  to   space 12288K, 0% used [0x00000000f2980000,0x00000000f2980000,0x00000000f3580000)
 ParOldGen       total 95232K, used 14963K [0x00000000c0000000, 0x00000000c5d00000, 0x00000000eab00000)
  object space 95232K, 15% used [0x00000000c0000000,0x00000000c0e9cee0,0x00000000c5d00000)
 Metaspace       used 39065K, capacity 39750K, committed 39976K, reserved 1083392K
  class space    used 5414K, capacity 5668K, committed 5680K, reserved 1048576K
}

